<?xml version="1.0" encoding="UTF-8"?>
<testsuite xmlns:xsi="http://www.w3.org/2001/XMLSchema-instance" xsi:noNamespaceSchemaLocation="https://maven.apache.org/surefire/maven-surefire-plugin/xsd/surefire-test-report.xsd" name="com.cursotdd.PlacarTest" time="0.041" tests="6" errors="0" skipped="0" failures="0">
  <properties>
[...]
</properties>
  <testcase name="deveAdicionarVinteUsuarios" classname="com.cursotdd.PlacarTest" time="0.015"/>
  <testcase name="deveRetornarPlacarPorPonto" classname="com.cursotdd.PlacarTest" time="0.016"/>
  <testcase name="deveIniciarComZeroUsuarios" classname="com.cursotdd.PlacarTest" time="0"/>
  <testcase name="deveLancarErroAoNaoAcharUsuario" classname="com.cursotdd.PlacarTest" time="0.004"/>
  <testcase name="deveRegistrarPontosAUsuario" classname="com.cursotdd.PlacarTest" time="0.001"/>
  <testcase name="deveAdicionarUmUsuario" classname="com.cursotdd.PlacarTest" time="0.001"/>
</testsuite>